============================================================
WPShadow Inline Style Refactoring Tool
============================================================

📝 Processing files for style extraction...

  ✓ wpshadow.php: 64 styles replaced
  ✓ pro-modules/links/includes/class-links-post-type.php: 5 styles replaced
  ✓ pro-modules/kb/class-kb-cloud-integration-block.php: 1 styles replaced
  ✓ includes/views/privacy-consent.php: 8 styles replaced
  ✓ includes/views/kanban-board.php: 47 styles replaced
  ✓ includes/views/workflow-builder.php: 4 styles replaced
  ✓ includes/views/activity-history.php: 4 styles replaced
  ✓ includes/views/help/site-health-guide.php: 5 styles replaced
  ✓ includes/views/help/emergency-support.php: 1 styles replaced
  ✓ includes/views/tools/email-test.php: 2 styles replaced
  ✓ includes/views/tools/broken-links.php: 5 styles replaced
  ✓ includes/views/tools/magic-link-support.php: 2 styles replaced
  ✓ includes/views/tools/simple-cache.php: 1 styles replaced
  ✓ includes/views/tools/timezone-alignment.php: 3 styles replaced
  ✓ includes/views/tools/mobile-friendliness.php: 1 styles replaced
  ✓ includes/views/tools/tips-coach.php: 6 styles replaced
  ✓ includes/views/tools/a11y-audit.php: 4 styles replaced
  ✓ includes/views/onboarding/wizard.php: 1 styles replaced
  ✓ includes/views/dashboard/gauges-module.php: 4 styles replaced
  ✓ includes/widgets/class-top-issues-widget.php: 13 styles replaced
  ✓ includes/widgets/class-activity-feed-widget.php: 6 styles replaced
  ✓ includes/widgets/class-kpi-summary-widget.php: 5 styles replaced
  ✓ includes/workflow/class-email-recipient-manager.php: 1 styles replaced
  ✓ includes/workflow/class-notification-builder.php: 16 styles replaced
  ✓ includes/cloud/class-notification-manager.php: 1 styles replaced
  ✓ includes/settings/class-report-scheduler.php: 6 styles replaced
  ✓ includes/settings/class-email-template-manager.php: 10 styles replaced
  ✓ includes/settings/class-privacy-settings-manager.php: 9 styles replaced
  ✓ includes/settings/class-scan-frequency-manager.php: 13 styles replaced
  ✓ includes/settings/class-data-retention-manager.php: 3 styles replaced
  ✓ includes/privacy/class-first-run-consent.php: 8 styles replaced
  ✓ includes/diagnostics/other/class-diagnostic-initial-setup.php: 1 styles replaced
  ✓ includes/core/class-trend-chart.php: 10 styles replaced
  ✓ includes/core/class-recommendation-engine.php: 13 styles replaced
  ✓ includes/core/class-kpi-summary-card.php: 12 styles replaced
  ✓ includes/core/class-kpi-advanced-features.php: 16 styles replaced
  ✓ includes/core/class-dashboard-customization.php: 2 styles replaced
  ✓ includes/core/class-error-handler.php: 12 styles replaced
  ✓ includes/gamification/class-achievement-system.php: 2 styles replaced
  ✓ includes/gamification/class-badge-manager.php: 1 styles replaced
  ✓ includes/gamification/class-leaderboard-manager.php: 6 styles replaced
  ✓ includes/admin/class-help-page-module.php: 7 styles replaced
  ✓ includes/admin/class-guardian-dashboard.php: 7 styles replaced
  ✓ includes/admin/class-report-form.php: 8 styles replaced
  ✓ includes/admin/class-tools-page-module.php: 1 styles replaced
  ✓ includes/reports/class-report-renderer.php: 11 styles replaced
  ✓ includes/reports/class-report-builder.php: 2 styles replaced

✅ Processed 47 files, replaced 370 inline styles

🎨 Generating CSS files...

  ✓ Created wps-inline-layouts.css with 143 CSS rules
  ✓ Created wps-inline-spacing.css with 43 CSS rules
  ✓ Created wps-inline-colors.css with 184 CSS rules

============================================================
REFACTORING SUMMARY
============================================================

📊 Files processed: 47
🔄 Inline styles replaced: 370
📄 CSS files created: 3
🎯 Total CSS rules: 370

📝 CSS Rules by Category:
   layouts: 143 rules
   spacing: 43 rules
   colors: 184 rules

✅ Refactoring complete!

📍 Generated CSS files in: /workspaces/wpshadow/assets/css
📌 Report saved to: /workspaces/wpshadow/INLINE_STYLES_REFACTOR_REPORT.json
